2025-11-26T13:34:17.393819Z [info     ] Using systemdb state backend
2025-11-26T13:34:17.396103Z [warning  ] No state was found, complete import.
2025-11-26T13:34:17.807675Z [info     ] tap-github v1.24.1, Meltano SDK v0.53.3 cmd_type=elb consumer=False job_name=dev:tap-github-to-target-jsonl name=tap-github producer=True run_id=6870b44a-024e-4723-9763-9c9a58dd67a6 stdio=stderr string_id=tap-github
2025-11-26T13:34:17.814117Z [info     ] Skipping parse of env var settings... cmd_type=elb consumer=False job_name=dev:tap-github-to-target-jsonl name=tap-github producer=True run_id=6870b44a-024e-4723-9763-9c9a58dd67a6 stdio=stderr string_id=tap-github
2025-11-26T13:34:17.835445Z [info     ] The stream 'stargazers' might conflict with previous implementation. Looking for the older version? Use 'stargazers_rest'. cmd_type=elb consumer=False job_name=dev:tap-github-to-target-jsonl name=tap-github producer=True run_id=6870b44a-024e-4723-9763-9c9a58dd67a6 stdio=stderr string_id=tap-github
2025-11-26T13:34:17.836826Z [info     ] The stream 'stargazers_rest' is deprecated. Please use the Graphql version instead: 'stargazers'. cmd_type=elb consumer=False job_name=dev:tap-github-to-target-jsonl name=tap-github producer=True run_id=6870b44a-024e-4723-9763-9c9a58dd67a6 stdio=stderr string_id=tap-github
2025-11-26T13:34:17.836976Z [info     ] Added 'anonymous_contributors' as child stream to 'repositories' cmd_type=elb consumer=False job_name=dev:tap-github-to-target-jsonl name=tap-github producer=True run_id=6870b44a-024e-4723-9763-9c9a58dd67a6 stdio=stderr string_id=tap-github
2025-11-26T13:34:17.837169Z [info     ] Added 'assignees' as child stream to 'repositories' cmd_type=elb consumer=False job_name=dev:tap-github-to-target-jsonl name=tap-github producer=True run_id=6870b44a-024e-4723-9763-9c9a58dd67a6 stdio=stderr string_id=tap-github
2025-11-26T13:34:17.837320Z [info     ] Added 'branches' as child stream to 'repositories' cmd_type=elb consumer=False job_name=dev:tap-github-to-target-jsonl name=tap-github producer=True run_id=6870b44a-024e-4723-9763-9c9a58dd67a6 stdio=stderr string_id=tap-github
2025-11-26T13:34:17.837904Z [info     ] Added 'collaborators' as child stream to 'repositories' cmd_type=elb consumer=False job_name=dev:tap-github-to-target-jsonl name=tap-github producer=True run_id=6870b44a-024e-4723-9763-9c9a58dd67a6 stdio=stderr string_id=tap-github
2025-11-26T13:34:17.838045Z [info     ] Added 'commit_comments' as child stream to 'repositories' cmd_type=elb consumer=False job_name=dev:tap-github-to-target-jsonl name=tap-github producer=True run_id=6870b44a-024e-4723-9763-9c9a58dd67a6 stdio=stderr string_id=tap-github
2025-11-26T13:34:17.838307Z [info     ] Added 'commits' as child stream to 'repositories' cmd_type=elb consumer=False job_name=dev:tap-github-to-target-jsonl name=tap-github producer=True run_id=6870b44a-024e-4723-9763-9c9a58dd67a6 stdio=stderr string_id=tap-github
2025-11-26T13:34:17.838424Z [info     ] Added 'commit_diffs' as child stream to 'commits' cmd_type=elb consumer=False job_name=dev:tap-github-to-target-jsonl name=tap-github producer=True run_id=6870b44a-024e-4723-9763-9c9a58dd67a6 stdio=stderr string_id=tap-github
2025-11-26T13:34:17.838535Z [info     ] Added 'community_profile' as child stream to 'repositories' cmd_type=elb consumer=False job_name=dev:tap-github-to-target-jsonl name=tap-github producer=True run_id=6870b44a-024e-4723-9763-9c9a58dd67a6 stdio=stderr string_id=tap-github
2025-11-26T13:34:17.838619Z [info     ] Added 'contributors' as child stream to 'repositories' cmd_type=elb consumer=False job_name=dev:tap-github-to-target-jsonl name=tap-github producer=True run_id=6870b44a-024e-4723-9763-9c9a58dd67a6 stdio=stderr string_id=tap-github
2025-11-26T13:34:17.838724Z [info     ] Added 'dependencies' as child stream to 'repositories' cmd_type=elb consumer=False job_name=dev:tap-github-to-target-jsonl name=tap-github producer=True run_id=6870b44a-024e-4723-9763-9c9a58dd67a6 stdio=stderr string_id=tap-github
2025-11-26T13:34:17.838803Z [info     ] Added 'dependents' as child stream to 'repositories' cmd_type=elb consumer=False job_name=dev:tap-github-to-target-jsonl name=tap-github producer=True run_id=6870b44a-024e-4723-9763-9c9a58dd67a6 stdio=stderr string_id=tap-github
2025-11-26T13:34:17.838890Z [info     ] Added 'deployments' as child stream to 'repositories' cmd_type=elb consumer=False job_name=dev:tap-github-to-target-jsonl name=tap-github producer=True run_id=6870b44a-024e-4723-9763-9c9a58dd67a6 stdio=stderr string_id=tap-github
2025-11-26T13:34:17.838961Z [info     ] Added 'deployment_statuses' as child stream to 'deployments' cmd_type=elb consumer=False job_name=dev:tap-github-to-target-jsonl name=tap-github producer=True run_id=6870b44a-024e-4723-9763-9c9a58dd67a6 stdio=stderr string_id=tap-github
2025-11-26T13:34:17.839032Z [info     ] Added 'discussions' as child stream to 'repositories' cmd_type=elb consumer=False job_name=dev:tap-github-to-target-jsonl name=tap-github producer=True run_id=6870b44a-024e-4723-9763-9c9a58dd67a6 stdio=stderr string_id=tap-github
2025-11-26T13:34:17.839101Z [info     ] Added 'discussion_categories' as child stream to 'repositories' cmd_type=elb consumer=False job_name=dev:tap-github-to-target-jsonl name=tap-github producer=True run_id=6870b44a-024e-4723-9763-9c9a58dd67a6 stdio=stderr string_id=tap-github
2025-11-26T13:34:17.839169Z [info     ] Added 'discussion_comments' as child stream to 'discussions' cmd_type=elb consumer=False job_name=dev:tap-github-to-target-jsonl name=tap-github producer=True run_id=6870b44a-024e-4723-9763-9c9a58dd67a6 stdio=stderr string_id=tap-github
2025-11-26T13:34:17.839240Z [info     ] Added 'discussion_comment_replies' as child stream to 'discussions' cmd_type=elb consumer=False job_name=dev:tap-github-to-target-jsonl name=tap-github producer=True run_id=6870b44a-024e-4723-9763-9c9a58dd67a6 stdio=stderr string_id=tap-github
2025-11-26T13:34:17.839310Z [info     ] Added 'events' as child stream to 'repositories' cmd_type=elb consumer=False job_name=dev:tap-github-to-target-jsonl name=tap-github producer=True run_id=6870b44a-024e-4723-9763-9c9a58dd67a6 stdio=stderr string_id=tap-github
2025-11-26T13:34:17.839378Z [info     ] Added 'issue_comments' as child stream to 'repositories' cmd_type=elb consumer=False job_name=dev:tap-github-to-target-jsonl name=tap-github producer=True run_id=6870b44a-024e-4723-9763-9c9a58dd67a6 stdio=stderr string_id=tap-github
2025-11-26T13:34:17.839449Z [info     ] Added 'issue_events' as child stream to 'repositories' cmd_type=elb consumer=False job_name=dev:tap-github-to-target-jsonl name=tap-github producer=True run_id=6870b44a-024e-4723-9763-9c9a58dd67a6 stdio=stderr string_id=tap-github
2025-11-26T13:34:17.839519Z [info     ] Added 'issues' as child stream to 'repositories' cmd_type=elb consumer=False job_name=dev:tap-github-to-target-jsonl name=tap-github producer=True run_id=6870b44a-024e-4723-9763-9c9a58dd67a6 stdio=stderr string_id=tap-github
2025-11-26T13:34:17.839670Z [info     ] Added 'labels' as child stream to 'repositories' cmd_type=elb consumer=False job_name=dev:tap-github-to-target-jsonl name=tap-github producer=True run_id=6870b44a-024e-4723-9763-9c9a58dd67a6 stdio=stderr string_id=tap-github
2025-11-26T13:34:17.839746Z [info     ] Added 'languages' as child stream to 'repositories' cmd_type=elb consumer=False job_name=dev:tap-github-to-target-jsonl name=tap-github producer=True run_id=6870b44a-024e-4723-9763-9c9a58dd67a6 stdio=stderr string_id=tap-github
2025-11-26T13:34:17.839815Z [info     ] Added 'milestones' as child stream to 'repositories' cmd_type=elb consumer=False job_name=dev:tap-github-to-target-jsonl name=tap-github producer=True run_id=6870b44a-024e-4723-9763-9c9a58dd67a6 stdio=stderr string_id=tap-github
2025-11-26T13:34:17.839910Z [info     ] Added 'pull_request_commits' as child stream to 'pull_requests' cmd_type=elb consumer=False job_name=dev:tap-github-to-target-jsonl name=tap-github producer=True run_id=6870b44a-024e-4723-9763-9c9a58dd67a6 stdio=stderr string_id=tap-github
2025-11-26T13:34:17.840004Z [info     ] Added 'pull_request_commit_diffs' as child stream to 'pull_request_commits' cmd_type=elb consumer=False job_name=dev:tap-github-to-target-jsonl name=tap-github producer=True run_id=6870b44a-024e-4723-9763-9c9a58dd67a6 stdio=stderr string_id=tap-github
2025-11-26T13:34:17.840084Z [info     ] Added 'pull_request_diffs' as child stream to 'pull_requests' cmd_type=elb consumer=False job_name=dev:tap-github-to-target-jsonl name=tap-github producer=True run_id=6870b44a-024e-4723-9763-9c9a58dd67a6 stdio=stderr string_id=tap-github
2025-11-26T13:34:17.840152Z [info     ] Added 'pull_requests' as child stream to 'repositories' cmd_type=elb consumer=False job_name=dev:tap-github-to-target-jsonl name=tap-github producer=True run_id=6870b44a-024e-4723-9763-9c9a58dd67a6 stdio=stderr string_id=tap-github
2025-11-26T13:34:17.840220Z [info     ] Added 'readme_html' as child stream to 'repositories' cmd_type=elb consumer=False job_name=dev:tap-github-to-target-jsonl name=tap-github producer=True run_id=6870b44a-024e-4723-9763-9c9a58dd67a6 stdio=stderr string_id=tap-github
2025-11-26T13:34:17.840288Z [info     ] Added 'readme' as child stream to 'repositories' cmd_type=elb consumer=False job_name=dev:tap-github-to-target-jsonl name=tap-github producer=True run_id=6870b44a-024e-4723-9763-9c9a58dd67a6 stdio=stderr string_id=tap-github
2025-11-26T13:34:17.840361Z [info     ] Added 'releases' as child stream to 'repositories' cmd_type=elb consumer=False job_name=dev:tap-github-to-target-jsonl name=tap-github producer=True run_id=6870b44a-024e-4723-9763-9c9a58dd67a6 stdio=stderr string_id=tap-github
2025-11-26T13:34:17.840432Z [info     ] Added 'extra_metrics' as child stream to 'repositories' cmd_type=elb consumer=False job_name=dev:tap-github-to-target-jsonl name=tap-github producer=True run_id=6870b44a-024e-4723-9763-9c9a58dd67a6 stdio=stderr string_id=tap-github
2025-11-26T13:34:17.840503Z [info     ] Added 'review_comment_reactions' as child stream to 'review_comments' cmd_type=elb consumer=False job_name=dev:tap-github-to-target-jsonl name=tap-github producer=True run_id=6870b44a-024e-4723-9763-9c9a58dd67a6 stdio=stderr string_id=tap-github
2025-11-26T13:34:17.840575Z [info     ] Added 'review_comments' as child stream to 'repositories' cmd_type=elb consumer=False job_name=dev:tap-github-to-target-jsonl name=tap-github producer=True run_id=6870b44a-024e-4723-9763-9c9a58dd67a6 stdio=stderr string_id=tap-github
2025-11-26T13:34:17.840645Z [info     ] Added 'reviews' as child stream to 'pull_requests' cmd_type=elb consumer=False job_name=dev:tap-github-to-target-jsonl name=tap-github producer=True run_id=6870b44a-024e-4723-9763-9c9a58dd67a6 stdio=stderr string_id=tap-github
2025-11-26T13:34:17.840713Z [info     ] Added 'stargazers' as child stream to 'repositories' cmd_type=elb consumer=False job_name=dev:tap-github-to-target-jsonl name=tap-github producer=True run_id=6870b44a-024e-4723-9763-9c9a58dd67a6 stdio=stderr string_id=tap-github
2025-11-26T13:34:17.840784Z [info     ] Added 'stargazers_rest' as child stream to 'repositories' cmd_type=elb consumer=False job_name=dev:tap-github-to-target-jsonl name=tap-github producer=True run_id=6870b44a-024e-4723-9763-9c9a58dd67a6 stdio=stderr string_id=tap-github
2025-11-26T13:34:17.840854Z [info     ] Added 'stats_contributors' as child stream to 'repositories' cmd_type=elb consumer=False job_name=dev:tap-github-to-target-jsonl name=tap-github producer=True run_id=6870b44a-024e-4723-9763-9c9a58dd67a6 stdio=stderr string_id=tap-github
2025-11-26T13:34:17.840977Z [info     ] Added 'tags' as child stream to 'repositories' cmd_type=elb consumer=False job_name=dev:tap-github-to-target-jsonl name=tap-github producer=True run_id=6870b44a-024e-4723-9763-9c9a58dd67a6 stdio=stderr string_id=tap-github
2025-11-26T13:34:17.841074Z [info     ] Added 'traffic_clones' as child stream to 'repositories' cmd_type=elb consumer=False job_name=dev:tap-github-to-target-jsonl name=tap-github producer=True run_id=6870b44a-024e-4723-9763-9c9a58dd67a6 stdio=stderr string_id=tap-github
2025-11-26T13:34:17.841149Z [info     ] Added 'traffic_pageviews' as child stream to 'repositories' cmd_type=elb consumer=False job_name=dev:tap-github-to-target-jsonl name=tap-github producer=True run_id=6870b44a-024e-4723-9763-9c9a58dd67a6 stdio=stderr string_id=tap-github
2025-11-26T13:34:17.841223Z [info     ] Added 'traffic_referral_paths' as child stream to 'repositories' cmd_type=elb consumer=False job_name=dev:tap-github-to-target-jsonl name=tap-github producer=True run_id=6870b44a-024e-4723-9763-9c9a58dd67a6 stdio=stderr string_id=tap-github
2025-11-26T13:34:17.841299Z [info     ] Added 'traffic_referrers' as child stream to 'repositories' cmd_type=elb consumer=False job_name=dev:tap-github-to-target-jsonl name=tap-github producer=True run_id=6870b44a-024e-4723-9763-9c9a58dd67a6 stdio=stderr string_id=tap-github
2025-11-26T13:34:17.841437Z [info     ] Added 'workflow_run_jobs' as child stream to 'workflow_runs' cmd_type=elb consumer=False job_name=dev:tap-github-to-target-jsonl name=tap-github producer=True run_id=6870b44a-024e-4723-9763-9c9a58dd67a6 stdio=stderr string_id=tap-github
2025-11-26T13:34:17.841574Z [info     ] Added 'workflow_runs' as child stream to 'repositories' cmd_type=elb consumer=False job_name=dev:tap-github-to-target-jsonl name=tap-github producer=True run_id=6870b44a-024e-4723-9763-9c9a58dd67a6 stdio=stderr string_id=tap-github
2025-11-26T13:34:17.841684Z [info     ] Added 'workflows' as child stream to 'repositories' cmd_type=elb consumer=False job_name=dev:tap-github-to-target-jsonl name=tap-github producer=True run_id=6870b44a-024e-4723-9763-9c9a58dd67a6 stdio=stderr string_id=tap-github
2025-11-26T13:34:17.842010Z [info     ] Stream descendent 'releases' is selected and its parent 'repositories' does not use inclusive replication keys. Forcing full table replication for 'repositories'. cmd_type=elb consumer=False job_name=dev:tap-github-to-target-jsonl name=tap-github producer=True run_id=6870b44a-024e-4723-9763-9c9a58dd67a6 stdio=stderr string_id=tap-github
2025-11-26T13:34:17.842119Z [info     ] Skipping deselected stream 'anonymous_contributors'. cmd_type=elb consumer=False job_name=dev:tap-github-to-target-jsonl name=tap-github producer=True run_id=6870b44a-024e-4723-9763-9c9a58dd67a6 stdio=stderr string_id=tap-github
2025-11-26T13:34:17.842197Z [info     ] Skipping deselected stream 'assignees'. cmd_type=elb consumer=False job_name=dev:tap-github-to-target-jsonl name=tap-github producer=True run_id=6870b44a-024e-4723-9763-9c9a58dd67a6 stdio=stderr string_id=tap-github
2025-11-26T13:34:17.842270Z [info     ] Skipping deselected stream 'branches'. cmd_type=elb consumer=False job_name=dev:tap-github-to-target-jsonl name=tap-github producer=True run_id=6870b44a-024e-4723-9763-9c9a58dd67a6 stdio=stderr string_id=tap-github
2025-11-26T13:34:17.842339Z [info     ] Skipping deselected stream 'collaborators'. cmd_type=elb consumer=False job_name=dev:tap-github-to-target-jsonl name=tap-github producer=True run_id=6870b44a-024e-4723-9763-9c9a58dd67a6 stdio=stderr string_id=tap-github
2025-11-26T13:34:17.842437Z [info     ] Skipping deselected stream 'commit_comments'. cmd_type=elb consumer=False job_name=dev:tap-github-to-target-jsonl name=tap-github producer=True run_id=6870b44a-024e-4723-9763-9c9a58dd67a6 stdio=stderr string_id=tap-github
2025-11-26T13:34:17.842508Z [info     ] Skipping deselected stream 'commit_diffs'. cmd_type=elb consumer=False job_name=dev:tap-github-to-target-jsonl name=tap-github producer=True run_id=6870b44a-024e-4723-9763-9c9a58dd67a6 stdio=stderr string_id=tap-github
2025-11-26T13:34:17.842602Z [info     ] Skipping deselected stream 'commits'. cmd_type=elb consumer=False job_name=dev:tap-github-to-target-jsonl name=tap-github producer=True run_id=6870b44a-024e-4723-9763-9c9a58dd67a6 stdio=stderr string_id=tap-github
2025-11-26T13:34:17.842676Z [info     ] Skipping deselected stream 'community_profile'. cmd_type=elb consumer=False job_name=dev:tap-github-to-target-jsonl name=tap-github producer=True run_id=6870b44a-024e-4723-9763-9c9a58dd67a6 stdio=stderr string_id=tap-github
2025-11-26T13:34:17.842747Z [info     ] Skipping deselected stream 'contributors'. cmd_type=elb consumer=False job_name=dev:tap-github-to-target-jsonl name=tap-github producer=True run_id=6870b44a-024e-4723-9763-9c9a58dd67a6 stdio=stderr string_id=tap-github
2025-11-26T13:34:17.842847Z [info     ] Skipping deselected stream 'dependencies'. cmd_type=elb consumer=False job_name=dev:tap-github-to-target-jsonl name=tap-github producer=True run_id=6870b44a-024e-4723-9763-9c9a58dd67a6 stdio=stderr string_id=tap-github
2025-11-26T13:34:17.842923Z [info     ] Skipping deselected stream 'dependents'. cmd_type=elb consumer=False job_name=dev:tap-github-to-target-jsonl name=tap-github producer=True run_id=6870b44a-024e-4723-9763-9c9a58dd67a6 stdio=stderr string_id=tap-github
2025-11-26T13:34:17.843017Z [info     ] Skipping deselected stream 'deployment_statuses'. cmd_type=elb consumer=False job_name=dev:tap-github-to-target-jsonl name=tap-github producer=True run_id=6870b44a-024e-4723-9763-9c9a58dd67a6 stdio=stderr string_id=tap-github
2025-11-26T13:34:17.843096Z [info     ] Skipping deselected stream 'deployments'. cmd_type=elb consumer=False job_name=dev:tap-github-to-target-jsonl name=tap-github producer=True run_id=6870b44a-024e-4723-9763-9c9a58dd67a6 stdio=stderr string_id=tap-github
2025-11-26T13:34:17.843263Z [info     ] Skipping deselected stream 'discussion_categories'. cmd_type=elb consumer=False job_name=dev:tap-github-to-target-jsonl name=tap-github producer=True run_id=6870b44a-024e-4723-9763-9c9a58dd67a6 stdio=stderr string_id=tap-github
2025-11-26T13:34:17.843378Z [info     ] Skipping deselected stream 'discussion_comment_replies'. cmd_type=elb consumer=False job_name=dev:tap-github-to-target-jsonl name=tap-github producer=True run_id=6870b44a-024e-4723-9763-9c9a58dd67a6 stdio=stderr string_id=tap-github
2025-11-26T13:34:17.843494Z [info     ] Skipping deselected stream 'discussion_comments'. cmd_type=elb consumer=False job_name=dev:tap-github-to-target-jsonl name=tap-github producer=True run_id=6870b44a-024e-4723-9763-9c9a58dd67a6 stdio=stderr string_id=tap-github
2025-11-26T13:34:17.843613Z [info     ] Skipping deselected stream 'discussions'. cmd_type=elb consumer=False job_name=dev:tap-github-to-target-jsonl name=tap-github producer=True run_id=6870b44a-024e-4723-9763-9c9a58dd67a6 stdio=stderr string_id=tap-github
2025-11-26T13:34:17.843773Z [info     ] Skipping deselected stream 'events'. cmd_type=elb consumer=False job_name=dev:tap-github-to-target-jsonl name=tap-github producer=True run_id=6870b44a-024e-4723-9763-9c9a58dd67a6 stdio=stderr string_id=tap-github
2025-11-26T13:34:17.843895Z [info     ] Skipping deselected stream 'extra_metrics'. cmd_type=elb consumer=False job_name=dev:tap-github-to-target-jsonl name=tap-github producer=True run_id=6870b44a-024e-4723-9763-9c9a58dd67a6 stdio=stderr string_id=tap-github
2025-11-26T13:34:17.844065Z [info     ] Skipping deselected stream 'issue_comments'. cmd_type=elb consumer=False job_name=dev:tap-github-to-target-jsonl name=tap-github producer=True run_id=6870b44a-024e-4723-9763-9c9a58dd67a6 stdio=stderr string_id=tap-github
2025-11-26T13:34:17.844195Z [info     ] Skipping deselected stream 'issue_events'. cmd_type=elb consumer=False job_name=dev:tap-github-to-target-jsonl name=tap-github producer=True run_id=6870b44a-024e-4723-9763-9c9a58dd67a6 stdio=stderr string_id=tap-github
2025-11-26T13:34:17.844288Z [info     ] Skipping deselected stream 'issues'. cmd_type=elb consumer=False job_name=dev:tap-github-to-target-jsonl name=tap-github producer=True run_id=6870b44a-024e-4723-9763-9c9a58dd67a6 stdio=stderr string_id=tap-github
2025-11-26T13:34:17.844408Z [info     ] Skipping deselected stream 'labels'. cmd_type=elb consumer=False job_name=dev:tap-github-to-target-jsonl name=tap-github producer=True run_id=6870b44a-024e-4723-9763-9c9a58dd67a6 stdio=stderr string_id=tap-github
2025-11-26T13:34:17.844538Z [info     ] Skipping deselected stream 'languages'. cmd_type=elb consumer=False job_name=dev:tap-github-to-target-jsonl name=tap-github producer=True run_id=6870b44a-024e-4723-9763-9c9a58dd67a6 stdio=stderr string_id=tap-github
2025-11-26T13:34:17.844685Z [info     ] Skipping deselected stream 'milestones'. cmd_type=elb consumer=False job_name=dev:tap-github-to-target-jsonl name=tap-github producer=True run_id=6870b44a-024e-4723-9763-9c9a58dd67a6 stdio=stderr string_id=tap-github
2025-11-26T13:34:17.844805Z [info     ] Skipping deselected stream 'pull_request_commit_diffs'. cmd_type=elb consumer=False job_name=dev:tap-github-to-target-jsonl name=tap-github producer=True run_id=6870b44a-024e-4723-9763-9c9a58dd67a6 stdio=stderr string_id=tap-github
2025-11-26T13:34:17.844925Z [info     ] Skipping deselected stream 'pull_request_commits'. cmd_type=elb consumer=False job_name=dev:tap-github-to-target-jsonl name=tap-github producer=True run_id=6870b44a-024e-4723-9763-9c9a58dd67a6 stdio=stderr string_id=tap-github
2025-11-26T13:34:17.845078Z [info     ] Skipping deselected stream 'pull_request_diffs'. cmd_type=elb consumer=False job_name=dev:tap-github-to-target-jsonl name=tap-github producer=True run_id=6870b44a-024e-4723-9763-9c9a58dd67a6 stdio=stderr string_id=tap-github
2025-11-26T13:34:17.845197Z [info     ] Skipping deselected stream 'pull_requests'. cmd_type=elb consumer=False job_name=dev:tap-github-to-target-jsonl name=tap-github producer=True run_id=6870b44a-024e-4723-9763-9c9a58dd67a6 stdio=stderr string_id=tap-github
2025-11-26T13:34:17.845301Z [info     ] Skipping deselected stream 'readme'. cmd_type=elb consumer=False job_name=dev:tap-github-to-target-jsonl name=tap-github producer=True run_id=6870b44a-024e-4723-9763-9c9a58dd67a6 stdio=stderr string_id=tap-github
2025-11-26T13:34:17.845409Z [info     ] Skipping deselected stream 'readme_html'. cmd_type=elb consumer=False job_name=dev:tap-github-to-target-jsonl name=tap-github producer=True run_id=6870b44a-024e-4723-9763-9c9a58dd67a6 stdio=stderr string_id=tap-github
2025-11-26T13:34:17.845493Z [info     ] Beginning sync of 'repositories' in full_table mode cmd_type=elb consumer=False job_name=dev:tap-github-to-target-jsonl name=tap-github producer=True run_id=6870b44a-024e-4723-9763-9c9a58dd67a6 stdio=stderr string_id=tap-github
2025-11-26T13:34:17.845564Z [info     ] Filtering repository list of 1 repositories cmd_type=elb consumer=False job_name=dev:tap-github-to-target-jsonl name=tap-github producer=True run_id=6870b44a-024e-4723-9763-9c9a58dd67a6 stdio=stderr string_id=tap-github
2025-11-26T13:34:17.845656Z [info     ] /home/engpookw/5m-data-2.6-data-pipelines-orchestration/meltano-ingestion/.meltano/extractors/tap-github/venv/lib/python3.10/site-packages/singer_sdk/streams/rest.py:463: DeprecationWarning: `RESTStream.get_next_page_token` is deprecated and will not be used in a future version of the Meltano Singer SDK. Override `RESTStream.get_new_paginator` instead. cmd_type=elb consumer=False job_name=dev:tap-github-to-target-jsonl name=tap-github producer=True run_id=6870b44a-024e-4723-9763-9c9a58dd67a6 stdio=stderr string_id=tap-github
2025-11-26T13:34:17.845962Z [info     ]   paginator = self.get_new_paginator() or SinglePagePaginator() cmd_type=elb consumer=False job_name=dev:tap-github-to-target-jsonl name=tap-github producer=True run_id=6870b44a-024e-4723-9763-9c9a58dd67a6 stdio=stderr string_id=tap-github
2025-11-26T13:34:17.846106Z [info     ]                                cmd_type=elb consumer=False job_name=dev:tap-github-to-target-jsonl name=tap-github producer=True run_id=6870b44a-024e-4723-9763-9c9a58dd67a6 stdio=stderr string_id=tap-github
2025-11-26T13:34:18.172900Z [info     ] Tap will run with 1 personal auth tokens and 0 app keys. cmd_type=elb consumer=False job_name=dev:tap-github-to-target-jsonl name=tap-github producer=True run_id=6870b44a-024e-4723-9763-9c9a58dd67a6 stdio=stderr string_id=tap-github
2025-11-26T13:34:18.553678Z [info     ] METRIC: {"type":"timer","metric":"http_request_duration","value":0.379838,"tags":{"stream":"tempStream","endpoint":"","http_status_code":200,"status":"succeeded"}} cmd_type=elb consumer=False job_name=dev:tap-github-to-target-jsonl name=tap-github producer=True run_id=6870b44a-024e-4723-9763-9c9a58dd67a6 stdio=stderr string_id=tap-github
2025-11-26T13:34:18.596569Z [info     ] METRIC: {"type":"counter","metric":"http_request_count","value":1,"tags":{"stream":"tempStream","endpoint":"","pid":40608,"context":{}}} cmd_type=elb consumer=False job_name=dev:tap-github-to-target-jsonl name=tap-github producer=True run_id=6870b44a-024e-4723-9763-9c9a58dd67a6 stdio=stderr string_id=tap-github
2025-11-26T13:34:18.596833Z [info     ] Running the tap on 1 repositories cmd_type=elb consumer=False job_name=dev:tap-github-to-target-jsonl name=tap-github producer=True run_id=6870b44a-024e-4723-9763-9c9a58dd67a6 stdio=stderr string_id=tap-github
2025-11-26T13:34:18.596983Z [info     ] Running the tap on 1 repositories cmd_type=elb consumer=False job_name=dev:tap-github-to-target-jsonl name=tap-github producer=True run_id=6870b44a-024e-4723-9763-9c9a58dd67a6 stdio=stderr string_id=tap-github
2025-11-26T13:34:18.919868Z [info     ] Tap will run with 1 personal auth tokens and 0 app keys. cmd_type=elb consumer=False job_name=dev:tap-github-to-target-jsonl name=tap-github producer=True run_id=6870b44a-024e-4723-9763-9c9a58dd67a6 stdio=stderr string_id=tap-github
2025-11-26T13:34:19.394549Z [info     ] METRIC: {"type":"timer","metric":"http_request_duration","value":0.473776,"tags":{"stream":"repositories","endpoint":"/repos/{org}/{repo}","http_status_code":200,"status":"succeeded","context":{"org":"pandas-dev","repo":"pandas","repo_id":858127}}} cmd_type=elb consumer=False job_name=dev:tap-github-to-target-jsonl name=tap-github producer=True run_id=6870b44a-024e-4723-9763-9c9a58dd67a6 stdio=stderr string_id=tap-github
2025-11-26T13:34:19.411033Z [info     ] Beginning sync of 'releases' in incremental mode with context: {'org': 'pandas-dev', 'repo': 'pandas', 'repo_id': 858127, 'has_discussions': False} cmd_type=elb consumer=False job_name=dev:tap-github-to-target-jsonl name=tap-github producer=True run_id=6870b44a-024e-4723-9763-9c9a58dd67a6 stdio=stderr string_id=tap-github
2025-11-26T13:34:19.411305Z [info     ] Starting incremental sync with bookmark value: None cmd_type=elb consumer=False job_name=dev:tap-github-to-target-jsonl name=tap-github producer=True run_id=6870b44a-024e-4723-9763-9c9a58dd67a6 stdio=stderr string_id=tap-github
2025-11-26T13:34:19.742004Z [info     ] Tap will run with 1 personal auth tokens and 0 app keys. cmd_type=elb consumer=False job_name=dev:tap-github-to-target-jsonl name=tap-github producer=True run_id=6870b44a-024e-4723-9763-9c9a58dd67a6 stdio=stderr string_id=tap-github
2025-11-26T13:34:20.774185Z [info     ] METRIC: {"type":"timer","metric":"http_request_duration","value":0.801726,"tags":{"stream":"releases","endpoint":"/repos/{org}/{repo}/releases","http_status_code":200,"status":"succeeded","context":{"org":"pandas-dev","repo":"pandas","repo_id":858127,"has_discussions":false}}} cmd_type=elb consumer=False job_name=dev:tap-github-to-target-jsonl name=tap-github producer=True run_id=6870b44a-024e-4723-9763-9c9a58dd67a6 stdio=stderr string_id=tap-github
2025-11-26T13:34:20.779447Z [info     ] Properties ('immutable', 'updated_at', 'reactions') were present in the 'releases' stream but not found in catalog schema. Ignoring. cmd_type=elb consumer=False job_name=dev:tap-github-to-target-jsonl name=tap-github producer=True run_id=6870b44a-024e-4723-9763-9c9a58dd67a6 stdio=stderr string_id=tap-github
2025-11-26T13:34:20.780005Z [info     ] Stream is assumed to be unsorted, progress is not resumable if interrupted cmd_type=elb consumer=False job_name=dev:tap-github-to-target-jsonl name=tap-github producer=True run_id=6870b44a-024e-4723-9763-9c9a58dd67a6 stdio=stderr string_id=tap-github
2025-11-26T13:34:20.781933Z [info     ] Properties ('immutable', 'updated_at') were present in the 'releases' stream but not found in catalog schema. Ignoring. cmd_type=elb consumer=False job_name=dev:tap-github-to-target-jsonl name=tap-github producer=True run_id=6870b44a-024e-4723-9763-9c9a58dd67a6 stdio=stderr string_id=tap-github
2025-11-26T13:34:21.556810Z [info     ] METRIC: {"type":"timer","metric":"http_request_duration","value":0.535303,"tags":{"stream":"releases","endpoint":"/repos/{org}/{repo}/releases","http_status_code":200,"status":"succeeded","context":{"org":"pandas-dev","repo":"pandas","repo_id":858127,"has_discussions":false}}} cmd_type=elb consumer=False job_name=dev:tap-github-to-target-jsonl name=tap-github producer=True run_id=6870b44a-024e-4723-9763-9c9a58dd67a6 stdio=stderr string_id=tap-github
2025-11-26T13:34:21.557955Z [info     ] METRIC: {"type":"counter","metric":"http_request_count","value":2,"tags":{"stream":"releases","endpoint":"/repos/{org}/{repo}/releases","pid":40608,"context":{"org":"pandas-dev","repo":"pandas","repo_id":858127,"has_discussions":false}}} cmd_type=elb consumer=False job_name=dev:tap-github-to-target-jsonl name=tap-github producer=True run_id=6870b44a-024e-4723-9763-9c9a58dd67a6 stdio=stderr string_id=tap-github
2025-11-26T13:34:21.558154Z [info     ] METRIC: {"type":"timer","metric":"sync_duration","value":2.1516220569610596,"tags":{"stream":"releases","pid":40608,"context":{"org":"pandas-dev","repo":"pandas","repo_id":858127,"has_discussions":false},"status":"succeeded"}} cmd_type=elb consumer=False job_name=dev:tap-github-to-target-jsonl name=tap-github producer=True run_id=6870b44a-024e-4723-9763-9c9a58dd67a6 stdio=stderr string_id=tap-github
2025-11-26T13:34:21.558596Z [info     ] METRIC: {"type":"counter","metric":"record_count","value":113,"tags":{"stream":"releases","pid":40608,"context":{"org":"pandas-dev","repo":"pandas","repo_id":858127,"has_discussions":false}}} cmd_type=elb consumer=False job_name=dev:tap-github-to-target-jsonl name=tap-github producer=True run_id=6870b44a-024e-4723-9763-9c9a58dd67a6 stdio=stderr string_id=tap-github
2025-11-26T13:34:21.558819Z [info     ] METRIC: {"type":"counter","metric":"http_request_count","value":1,"tags":{"stream":"repositories","endpoint":"/repos/{org}/{repo}","pid":40608,"context":{"org":"pandas-dev","repo":"pandas","repo_id":858127}}} cmd_type=elb consumer=False job_name=dev:tap-github-to-target-jsonl name=tap-github producer=True run_id=6870b44a-024e-4723-9763-9c9a58dd67a6 stdio=stderr string_id=tap-github
2025-11-26T13:34:21.558962Z [info     ] METRIC: {"type":"timer","metric":"sync_duration","value":2.961334466934204,"tags":{"stream":"repositories","pid":40608,"context":{"org":"pandas-dev","repo":"pandas","repo_id":858127},"status":"succeeded"}} cmd_type=elb consumer=False job_name=dev:tap-github-to-target-jsonl name=tap-github producer=True run_id=6870b44a-024e-4723-9763-9c9a58dd67a6 stdio=stderr string_id=tap-github
2025-11-26T13:34:21.559057Z [info     ] METRIC: {"type":"counter","metric":"record_count","value":0,"tags":{"stream":"repositories","pid":40608,"context":{"org":"pandas-dev","repo":"pandas","repo_id":858127}}} cmd_type=elb consumer=False job_name=dev:tap-github-to-target-jsonl name=tap-github producer=True run_id=6870b44a-024e-4723-9763-9c9a58dd67a6 stdio=stderr string_id=tap-github
2025-11-26T13:34:21.559210Z [info     ] Skipping deselected stream 'review_comment_reactions'. cmd_type=elb consumer=False job_name=dev:tap-github-to-target-jsonl name=tap-github producer=True run_id=6870b44a-024e-4723-9763-9c9a58dd67a6 stdio=stderr string_id=tap-github
2025-11-26T13:34:21.559322Z [info     ] Skipping deselected stream 'review_comments'. cmd_type=elb consumer=False job_name=dev:tap-github-to-target-jsonl name=tap-github producer=True run_id=6870b44a-024e-4723-9763-9c9a58dd67a6 stdio=stderr string_id=tap-github
2025-11-26T13:34:21.559407Z [info     ] Skipping deselected stream 'reviews'. cmd_type=elb consumer=False job_name=dev:tap-github-to-target-jsonl name=tap-github producer=True run_id=6870b44a-024e-4723-9763-9c9a58dd67a6 stdio=stderr string_id=tap-github
2025-11-26T13:34:21.559619Z [info     ] Skipping deselected stream 'stargazers'. cmd_type=elb consumer=False job_name=dev:tap-github-to-target-jsonl name=tap-github producer=True run_id=6870b44a-024e-4723-9763-9c9a58dd67a6 stdio=stderr string_id=tap-github
2025-11-26T13:34:21.559779Z [info     ] Skipping deselected stream 'stargazers_rest'. cmd_type=elb consumer=False job_name=dev:tap-github-to-target-jsonl name=tap-github producer=True run_id=6870b44a-024e-4723-9763-9c9a58dd67a6 stdio=stderr string_id=tap-github
2025-11-26T13:34:21.560390Z [info     ] Skipping deselected stream 'stats_contributors'. cmd_type=elb consumer=False job_name=dev:tap-github-to-target-jsonl name=tap-github producer=True run_id=6870b44a-024e-4723-9763-9c9a58dd67a6 stdio=stderr string_id=tap-github
2025-11-26T13:34:21.560499Z [info     ] Skipping deselected stream 'tags'. cmd_type=elb consumer=False job_name=dev:tap-github-to-target-jsonl name=tap-github producer=True run_id=6870b44a-024e-4723-9763-9c9a58dd67a6 stdio=stderr string_id=tap-github
2025-11-26T13:34:21.560576Z [info     ] Skipping deselected stream 'traffic_clones'. cmd_type=elb consumer=False job_name=dev:tap-github-to-target-jsonl name=tap-github producer=True run_id=6870b44a-024e-4723-9763-9c9a58dd67a6 stdio=stderr string_id=tap-github
2025-11-26T13:34:21.560649Z [info     ] Skipping deselected stream 'traffic_pageviews'. cmd_type=elb consumer=False job_name=dev:tap-github-to-target-jsonl name=tap-github producer=True run_id=6870b44a-024e-4723-9763-9c9a58dd67a6 stdio=stderr string_id=tap-github
2025-11-26T13:34:21.560745Z [info     ] Skipping deselected stream 'traffic_referral_paths'. cmd_type=elb consumer=False job_name=dev:tap-github-to-target-jsonl name=tap-github producer=True run_id=6870b44a-024e-4723-9763-9c9a58dd67a6 stdio=stderr string_id=tap-github
2025-11-26T13:34:21.560841Z [info     ] Skipping deselected stream 'traffic_referrers'. cmd_type=elb consumer=False job_name=dev:tap-github-to-target-jsonl name=tap-github producer=True run_id=6870b44a-024e-4723-9763-9c9a58dd67a6 stdio=stderr string_id=tap-github
2025-11-26T13:34:21.560919Z [info     ] Skipping deselected stream 'workflow_run_jobs'. cmd_type=elb consumer=False job_name=dev:tap-github-to-target-jsonl name=tap-github producer=True run_id=6870b44a-024e-4723-9763-9c9a58dd67a6 stdio=stderr string_id=tap-github
2025-11-26T13:34:21.560987Z [info     ] Skipping deselected stream 'workflow_runs'. cmd_type=elb consumer=False job_name=dev:tap-github-to-target-jsonl name=tap-github producer=True run_id=6870b44a-024e-4723-9763-9c9a58dd67a6 stdio=stderr string_id=tap-github
2025-11-26T13:34:21.561084Z [info     ] Skipping deselected stream 'workflows'. cmd_type=elb consumer=False job_name=dev:tap-github-to-target-jsonl name=tap-github producer=True run_id=6870b44a-024e-4723-9763-9c9a58dd67a6 stdio=stderr string_id=tap-github
2025-11-26T13:34:21.561166Z [info     ] Total Sync costs for stream releases: {'rest': 2, 'graphql': 0, 'search': 0} cmd_type=elb consumer=False job_name=dev:tap-github-to-target-jsonl name=tap-github producer=True run_id=6870b44a-024e-4723-9763-9c9a58dd67a6 stdio=stderr string_id=tap-github
2025-11-26T13:34:21.561275Z [info     ] Total Sync costs for stream repositories: {'rest': 1, 'graphql': 0, 'search': 0} cmd_type=elb consumer=False job_name=dev:tap-github-to-target-jsonl name=tap-github producer=True run_id=6870b44a-024e-4723-9763-9c9a58dd67a6 stdio=stderr string_id=tap-github
2025-11-26T13:34:21.641282Z [info     ] Using systemdb state backend
2025-11-26T13:34:21.650598Z [info     ] Incremental state has been updated at 2025-11-26 13:34:21.650562+00:00.
2025-11-26T13:34:21.662200Z [info     ] Block run completed.           block_type=ExtractLoadBlocks err=None set_number=0 success=True
