2025-11-26T13:46:07.144664Z [info     ] Using systemdb state backend
2025-11-26T13:46:07.146056Z [warning  ] No state was found, complete import.
2025-11-26T13:46:07.615461Z [info     ] /home/engpookw/5m-data-2.6-data-pipelines-orchestration/meltano-ingestion/.meltano/loaders/target-bigquery/venv/lib/python3.10/site-packages/fs/__init__.py:4: UserWarning: pkg_resources is deprecated as an API. See https://setuptools.pypa.io/en/latest/pkg_resources.html. The pkg_resources package is slated for removal as early as 2025-11-30. Refrain from using this package or pin to Setuptools<81. cmd_type=elb consumer=True job_name=dev:tap-github-to-target-bigquery name=target-bigquery producer=False run_id=a0f3ed1e-ba6f-4010-915b-82cc7df9da77 stdio=stderr string_id=target-bigquery
2025-11-26T13:46:07.615939Z [info     ]   __import__("pkg_resources").declare_namespace(__name__)  # type: ignore cmd_type=elb consumer=True job_name=dev:tap-github-to-target-bigquery name=target-bigquery producer=False run_id=a0f3ed1e-ba6f-4010-915b-82cc7df9da77 stdio=stderr string_id=target-bigquery
2025-11-26T13:46:07.668494Z [info     ] tap-github v1.24.1, Meltano SDK v0.53.3 cmd_type=elb consumer=False job_name=dev:tap-github-to-target-bigquery name=tap-github producer=True run_id=a0f3ed1e-ba6f-4010-915b-82cc7df9da77 stdio=stderr string_id=tap-github
2025-11-26T13:46:07.674449Z [info     ] Skipping parse of env var settings... cmd_type=elb consumer=False job_name=dev:tap-github-to-target-bigquery name=tap-github producer=True run_id=a0f3ed1e-ba6f-4010-915b-82cc7df9da77 stdio=stderr string_id=tap-github
2025-11-26T13:46:07.694229Z [info     ] The stream 'stargazers' might conflict with previous implementation. Looking for the older version? Use 'stargazers_rest'. cmd_type=elb consumer=False job_name=dev:tap-github-to-target-bigquery name=tap-github producer=True run_id=a0f3ed1e-ba6f-4010-915b-82cc7df9da77 stdio=stderr string_id=tap-github
2025-11-26T13:46:07.694500Z [info     ] The stream 'stargazers_rest' is deprecated. Please use the Graphql version instead: 'stargazers'. cmd_type=elb consumer=False job_name=dev:tap-github-to-target-bigquery name=tap-github producer=True run_id=a0f3ed1e-ba6f-4010-915b-82cc7df9da77 stdio=stderr string_id=tap-github
2025-11-26T13:46:07.694758Z [info     ] Added 'anonymous_contributors' as child stream to 'repositories' cmd_type=elb consumer=False job_name=dev:tap-github-to-target-bigquery name=tap-github producer=True run_id=a0f3ed1e-ba6f-4010-915b-82cc7df9da77 stdio=stderr string_id=tap-github
2025-11-26T13:46:07.694915Z [info     ] Added 'assignees' as child stream to 'repositories' cmd_type=elb consumer=False job_name=dev:tap-github-to-target-bigquery name=tap-github producer=True run_id=a0f3ed1e-ba6f-4010-915b-82cc7df9da77 stdio=stderr string_id=tap-github
2025-11-26T13:46:07.695156Z [info     ] Added 'branches' as child stream to 'repositories' cmd_type=elb consumer=False job_name=dev:tap-github-to-target-bigquery name=tap-github producer=True run_id=a0f3ed1e-ba6f-4010-915b-82cc7df9da77 stdio=stderr string_id=tap-github
2025-11-26T13:46:07.695266Z [info     ] Added 'collaborators' as child stream to 'repositories' cmd_type=elb consumer=False job_name=dev:tap-github-to-target-bigquery name=tap-github producer=True run_id=a0f3ed1e-ba6f-4010-915b-82cc7df9da77 stdio=stderr string_id=tap-github
2025-11-26T13:46:07.695348Z [info     ] Added 'commit_comments' as child stream to 'repositories' cmd_type=elb consumer=False job_name=dev:tap-github-to-target-bigquery name=tap-github producer=True run_id=a0f3ed1e-ba6f-4010-915b-82cc7df9da77 stdio=stderr string_id=tap-github
2025-11-26T13:46:07.695445Z [info     ] Added 'commits' as child stream to 'repositories' cmd_type=elb consumer=False job_name=dev:tap-github-to-target-bigquery name=tap-github producer=True run_id=a0f3ed1e-ba6f-4010-915b-82cc7df9da77 stdio=stderr string_id=tap-github
2025-11-26T13:46:07.695570Z [info     ] Added 'commit_diffs' as child stream to 'commits' cmd_type=elb consumer=False job_name=dev:tap-github-to-target-bigquery name=tap-github producer=True run_id=a0f3ed1e-ba6f-4010-915b-82cc7df9da77 stdio=stderr string_id=tap-github
2025-11-26T13:46:07.695713Z [info     ] Added 'community_profile' as child stream to 'repositories' cmd_type=elb consumer=False job_name=dev:tap-github-to-target-bigquery name=tap-github producer=True run_id=a0f3ed1e-ba6f-4010-915b-82cc7df9da77 stdio=stderr string_id=tap-github
2025-11-26T13:46:07.695863Z [info     ] Added 'contributors' as child stream to 'repositories' cmd_type=elb consumer=False job_name=dev:tap-github-to-target-bigquery name=tap-github producer=True run_id=a0f3ed1e-ba6f-4010-915b-82cc7df9da77 stdio=stderr string_id=tap-github
2025-11-26T13:46:07.695941Z [info     ] Added 'dependencies' as child stream to 'repositories' cmd_type=elb consumer=False job_name=dev:tap-github-to-target-bigquery name=tap-github producer=True run_id=a0f3ed1e-ba6f-4010-915b-82cc7df9da77 stdio=stderr string_id=tap-github
2025-11-26T13:46:07.696011Z [info     ] Added 'dependents' as child stream to 'repositories' cmd_type=elb consumer=False job_name=dev:tap-github-to-target-bigquery name=tap-github producer=True run_id=a0f3ed1e-ba6f-4010-915b-82cc7df9da77 stdio=stderr string_id=tap-github
2025-11-26T13:46:07.696111Z [info     ] Added 'deployments' as child stream to 'repositories' cmd_type=elb consumer=False job_name=dev:tap-github-to-target-bigquery name=tap-github producer=True run_id=a0f3ed1e-ba6f-4010-915b-82cc7df9da77 stdio=stderr string_id=tap-github
2025-11-26T13:46:07.696235Z [info     ] Added 'deployment_statuses' as child stream to 'deployments' cmd_type=elb consumer=False job_name=dev:tap-github-to-target-bigquery name=tap-github producer=True run_id=a0f3ed1e-ba6f-4010-915b-82cc7df9da77 stdio=stderr string_id=tap-github
2025-11-26T13:46:07.696630Z [info     ] Added 'discussions' as child stream to 'repositories' cmd_type=elb consumer=False job_name=dev:tap-github-to-target-bigquery name=tap-github producer=True run_id=a0f3ed1e-ba6f-4010-915b-82cc7df9da77 stdio=stderr string_id=tap-github
2025-11-26T13:46:07.697353Z [info     ] Added 'discussion_categories' as child stream to 'repositories' cmd_type=elb consumer=False job_name=dev:tap-github-to-target-bigquery name=tap-github producer=True run_id=a0f3ed1e-ba6f-4010-915b-82cc7df9da77 stdio=stderr string_id=tap-github
2025-11-26T13:46:07.697927Z [info     ] Added 'discussion_comments' as child stream to 'discussions' cmd_type=elb consumer=False job_name=dev:tap-github-to-target-bigquery name=tap-github producer=True run_id=a0f3ed1e-ba6f-4010-915b-82cc7df9da77 stdio=stderr string_id=tap-github
2025-11-26T13:46:07.698076Z [info     ] Added 'discussion_comment_replies' as child stream to 'discussions' cmd_type=elb consumer=False job_name=dev:tap-github-to-target-bigquery name=tap-github producer=True run_id=a0f3ed1e-ba6f-4010-915b-82cc7df9da77 stdio=stderr string_id=tap-github
2025-11-26T13:46:07.698181Z [info     ] Added 'events' as child stream to 'repositories' cmd_type=elb consumer=False job_name=dev:tap-github-to-target-bigquery name=tap-github producer=True run_id=a0f3ed1e-ba6f-4010-915b-82cc7df9da77 stdio=stderr string_id=tap-github
2025-11-26T13:46:07.698282Z [info     ] Added 'issue_comments' as child stream to 'repositories' cmd_type=elb consumer=False job_name=dev:tap-github-to-target-bigquery name=tap-github producer=True run_id=a0f3ed1e-ba6f-4010-915b-82cc7df9da77 stdio=stderr string_id=tap-github
2025-11-26T13:46:07.698358Z [info     ] Added 'issue_events' as child stream to 'repositories' cmd_type=elb consumer=False job_name=dev:tap-github-to-target-bigquery name=tap-github producer=True run_id=a0f3ed1e-ba6f-4010-915b-82cc7df9da77 stdio=stderr string_id=tap-github
2025-11-26T13:46:07.698434Z [info     ] Added 'issues' as child stream to 'repositories' cmd_type=elb consumer=False job_name=dev:tap-github-to-target-bigquery name=tap-github producer=True run_id=a0f3ed1e-ba6f-4010-915b-82cc7df9da77 stdio=stderr string_id=tap-github
2025-11-26T13:46:07.698505Z [info     ] Added 'labels' as child stream to 'repositories' cmd_type=elb consumer=False job_name=dev:tap-github-to-target-bigquery name=tap-github producer=True run_id=a0f3ed1e-ba6f-4010-915b-82cc7df9da77 stdio=stderr string_id=tap-github
2025-11-26T13:46:07.698657Z [info     ] Added 'languages' as child stream to 'repositories' cmd_type=elb consumer=False job_name=dev:tap-github-to-target-bigquery name=tap-github producer=True run_id=a0f3ed1e-ba6f-4010-915b-82cc7df9da77 stdio=stderr string_id=tap-github
2025-11-26T13:46:07.698831Z [info     ] Added 'milestones' as child stream to 'repositories' cmd_type=elb consumer=False job_name=dev:tap-github-to-target-bigquery name=tap-github producer=True run_id=a0f3ed1e-ba6f-4010-915b-82cc7df9da77 stdio=stderr string_id=tap-github
2025-11-26T13:46:07.698974Z [info     ] Added 'pull_request_commits' as child stream to 'pull_requests' cmd_type=elb consumer=False job_name=dev:tap-github-to-target-bigquery name=tap-github producer=True run_id=a0f3ed1e-ba6f-4010-915b-82cc7df9da77 stdio=stderr string_id=tap-github
2025-11-26T13:46:07.699092Z [info     ] Added 'pull_request_commit_diffs' as child stream to 'pull_request_commits' cmd_type=elb consumer=False job_name=dev:tap-github-to-target-bigquery name=tap-github producer=True run_id=a0f3ed1e-ba6f-4010-915b-82cc7df9da77 stdio=stderr string_id=tap-github
2025-11-26T13:46:07.699195Z [info     ] Added 'pull_request_diffs' as child stream to 'pull_requests' cmd_type=elb consumer=False job_name=dev:tap-github-to-target-bigquery name=tap-github producer=True run_id=a0f3ed1e-ba6f-4010-915b-82cc7df9da77 stdio=stderr string_id=tap-github
2025-11-26T13:46:07.699292Z [info     ] Added 'pull_requests' as child stream to 'repositories' cmd_type=elb consumer=False job_name=dev:tap-github-to-target-bigquery name=tap-github producer=True run_id=a0f3ed1e-ba6f-4010-915b-82cc7df9da77 stdio=stderr string_id=tap-github
2025-11-26T13:46:07.699388Z [info     ] Added 'readme_html' as child stream to 'repositories' cmd_type=elb consumer=False job_name=dev:tap-github-to-target-bigquery name=tap-github producer=True run_id=a0f3ed1e-ba6f-4010-915b-82cc7df9da77 stdio=stderr string_id=tap-github
2025-11-26T13:46:07.699487Z [info     ] Added 'readme' as child stream to 'repositories' cmd_type=elb consumer=False job_name=dev:tap-github-to-target-bigquery name=tap-github producer=True run_id=a0f3ed1e-ba6f-4010-915b-82cc7df9da77 stdio=stderr string_id=tap-github
2025-11-26T13:46:07.699584Z [info     ] Added 'releases' as child stream to 'repositories' cmd_type=elb consumer=False job_name=dev:tap-github-to-target-bigquery name=tap-github producer=True run_id=a0f3ed1e-ba6f-4010-915b-82cc7df9da77 stdio=stderr string_id=tap-github
2025-11-26T13:46:07.699677Z [info     ] Added 'extra_metrics' as child stream to 'repositories' cmd_type=elb consumer=False job_name=dev:tap-github-to-target-bigquery name=tap-github producer=True run_id=a0f3ed1e-ba6f-4010-915b-82cc7df9da77 stdio=stderr string_id=tap-github
2025-11-26T13:46:07.699773Z [info     ] Added 'review_comment_reactions' as child stream to 'review_comments' cmd_type=elb consumer=False job_name=dev:tap-github-to-target-bigquery name=tap-github producer=True run_id=a0f3ed1e-ba6f-4010-915b-82cc7df9da77 stdio=stderr string_id=tap-github
2025-11-26T13:46:07.699876Z [info     ] Added 'review_comments' as child stream to 'repositories' cmd_type=elb consumer=False job_name=dev:tap-github-to-target-bigquery name=tap-github producer=True run_id=a0f3ed1e-ba6f-4010-915b-82cc7df9da77 stdio=stderr string_id=tap-github
2025-11-26T13:46:07.699984Z [info     ] Added 'reviews' as child stream to 'pull_requests' cmd_type=elb consumer=False job_name=dev:tap-github-to-target-bigquery name=tap-github producer=True run_id=a0f3ed1e-ba6f-4010-915b-82cc7df9da77 stdio=stderr string_id=tap-github
2025-11-26T13:46:07.700061Z [info     ] Added 'stargazers' as child stream to 'repositories' cmd_type=elb consumer=False job_name=dev:tap-github-to-target-bigquery name=tap-github producer=True run_id=a0f3ed1e-ba6f-4010-915b-82cc7df9da77 stdio=stderr string_id=tap-github
2025-11-26T13:46:07.700130Z [info     ] Added 'stargazers_rest' as child stream to 'repositories' cmd_type=elb consumer=False job_name=dev:tap-github-to-target-bigquery name=tap-github producer=True run_id=a0f3ed1e-ba6f-4010-915b-82cc7df9da77 stdio=stderr string_id=tap-github
2025-11-26T13:46:07.700231Z [info     ] Added 'stats_contributors' as child stream to 'repositories' cmd_type=elb consumer=False job_name=dev:tap-github-to-target-bigquery name=tap-github producer=True run_id=a0f3ed1e-ba6f-4010-915b-82cc7df9da77 stdio=stderr string_id=tap-github
2025-11-26T13:46:07.700362Z [info     ] Added 'tags' as child stream to 'repositories' cmd_type=elb consumer=False job_name=dev:tap-github-to-target-bigquery name=tap-github producer=True run_id=a0f3ed1e-ba6f-4010-915b-82cc7df9da77 stdio=stderr string_id=tap-github
2025-11-26T13:46:07.700459Z [info     ] Added 'traffic_clones' as child stream to 'repositories' cmd_type=elb consumer=False job_name=dev:tap-github-to-target-bigquery name=tap-github producer=True run_id=a0f3ed1e-ba6f-4010-915b-82cc7df9da77 stdio=stderr string_id=tap-github
2025-11-26T13:46:07.700561Z [info     ] Added 'traffic_pageviews' as child stream to 'repositories' cmd_type=elb consumer=False job_name=dev:tap-github-to-target-bigquery name=tap-github producer=True run_id=a0f3ed1e-ba6f-4010-915b-82cc7df9da77 stdio=stderr string_id=tap-github
2025-11-26T13:46:07.700658Z [info     ] Added 'traffic_referral_paths' as child stream to 'repositories' cmd_type=elb consumer=False job_name=dev:tap-github-to-target-bigquery name=tap-github producer=True run_id=a0f3ed1e-ba6f-4010-915b-82cc7df9da77 stdio=stderr string_id=tap-github
2025-11-26T13:46:07.700801Z [info     ] Added 'traffic_referrers' as child stream to 'repositories' cmd_type=elb consumer=False job_name=dev:tap-github-to-target-bigquery name=tap-github producer=True run_id=a0f3ed1e-ba6f-4010-915b-82cc7df9da77 stdio=stderr string_id=tap-github
2025-11-26T13:46:07.700908Z [info     ] Added 'workflow_run_jobs' as child stream to 'workflow_runs' cmd_type=elb consumer=False job_name=dev:tap-github-to-target-bigquery name=tap-github producer=True run_id=a0f3ed1e-ba6f-4010-915b-82cc7df9da77 stdio=stderr string_id=tap-github
2025-11-26T13:46:07.701009Z [info     ] Added 'workflow_runs' as child stream to 'repositories' cmd_type=elb consumer=False job_name=dev:tap-github-to-target-bigquery name=tap-github producer=True run_id=a0f3ed1e-ba6f-4010-915b-82cc7df9da77 stdio=stderr string_id=tap-github
2025-11-26T13:46:07.701108Z [info     ] Added 'workflows' as child stream to 'repositories' cmd_type=elb consumer=False job_name=dev:tap-github-to-target-bigquery name=tap-github producer=True run_id=a0f3ed1e-ba6f-4010-915b-82cc7df9da77 stdio=stderr string_id=tap-github
2025-11-26T13:46:07.710301Z [info     ] Stream descendent 'releases' is selected and its parent 'repositories' does not use inclusive replication keys. Forcing full table replication for 'repositories'. cmd_type=elb consumer=False job_name=dev:tap-github-to-target-bigquery name=tap-github producer=True run_id=a0f3ed1e-ba6f-4010-915b-82cc7df9da77 stdio=stderr string_id=tap-github
2025-11-26T13:46:07.711103Z [info     ] Skipping deselected stream 'anonymous_contributors'. cmd_type=elb consumer=False job_name=dev:tap-github-to-target-bigquery name=tap-github producer=True run_id=a0f3ed1e-ba6f-4010-915b-82cc7df9da77 stdio=stderr string_id=tap-github
2025-11-26T13:46:07.711234Z [info     ] Skipping deselected stream 'assignees'. cmd_type=elb consumer=False job_name=dev:tap-github-to-target-bigquery name=tap-github producer=True run_id=a0f3ed1e-ba6f-4010-915b-82cc7df9da77 stdio=stderr string_id=tap-github
2025-11-26T13:46:07.711342Z [info     ] Skipping deselected stream 'branches'. cmd_type=elb consumer=False job_name=dev:tap-github-to-target-bigquery name=tap-github producer=True run_id=a0f3ed1e-ba6f-4010-915b-82cc7df9da77 stdio=stderr string_id=tap-github
2025-11-26T13:46:07.711469Z [info     ] Skipping deselected stream 'collaborators'. cmd_type=elb consumer=False job_name=dev:tap-github-to-target-bigquery name=tap-github producer=True run_id=a0f3ed1e-ba6f-4010-915b-82cc7df9da77 stdio=stderr string_id=tap-github
2025-11-26T13:46:07.711608Z [info     ] Skipping deselected stream 'commit_comments'. cmd_type=elb consumer=False job_name=dev:tap-github-to-target-bigquery name=tap-github producer=True run_id=a0f3ed1e-ba6f-4010-915b-82cc7df9da77 stdio=stderr string_id=tap-github
2025-11-26T13:46:07.711740Z [info     ] Skipping deselected stream 'commit_diffs'. cmd_type=elb consumer=False job_name=dev:tap-github-to-target-bigquery name=tap-github producer=True run_id=a0f3ed1e-ba6f-4010-915b-82cc7df9da77 stdio=stderr string_id=tap-github
2025-11-26T13:46:07.711821Z [info     ] Skipping deselected stream 'commits'. cmd_type=elb consumer=False job_name=dev:tap-github-to-target-bigquery name=tap-github producer=True run_id=a0f3ed1e-ba6f-4010-915b-82cc7df9da77 stdio=stderr string_id=tap-github
2025-11-26T13:46:07.711943Z [info     ] Skipping deselected stream 'community_profile'. cmd_type=elb consumer=False job_name=dev:tap-github-to-target-bigquery name=tap-github producer=True run_id=a0f3ed1e-ba6f-4010-915b-82cc7df9da77 stdio=stderr string_id=tap-github
2025-11-26T13:46:07.712045Z [info     ] Skipping deselected stream 'contributors'. cmd_type=elb consumer=False job_name=dev:tap-github-to-target-bigquery name=tap-github producer=True run_id=a0f3ed1e-ba6f-4010-915b-82cc7df9da77 stdio=stderr string_id=tap-github
2025-11-26T13:46:07.712147Z [info     ] Skipping deselected stream 'dependencies'. cmd_type=elb consumer=False job_name=dev:tap-github-to-target-bigquery name=tap-github producer=True run_id=a0f3ed1e-ba6f-4010-915b-82cc7df9da77 stdio=stderr string_id=tap-github
2025-11-26T13:46:07.712251Z [info     ] Skipping deselected stream 'dependents'. cmd_type=elb consumer=False job_name=dev:tap-github-to-target-bigquery name=tap-github producer=True run_id=a0f3ed1e-ba6f-4010-915b-82cc7df9da77 stdio=stderr string_id=tap-github
2025-11-26T13:46:07.712355Z [info     ] Skipping deselected stream 'deployment_statuses'. cmd_type=elb consumer=False job_name=dev:tap-github-to-target-bigquery name=tap-github producer=True run_id=a0f3ed1e-ba6f-4010-915b-82cc7df9da77 stdio=stderr string_id=tap-github
2025-11-26T13:46:07.712456Z [info     ] Skipping deselected stream 'deployments'. cmd_type=elb consumer=False job_name=dev:tap-github-to-target-bigquery name=tap-github producer=True run_id=a0f3ed1e-ba6f-4010-915b-82cc7df9da77 stdio=stderr string_id=tap-github
2025-11-26T13:46:07.712559Z [info     ] Skipping deselected stream 'discussion_categories'. cmd_type=elb consumer=False job_name=dev:tap-github-to-target-bigquery name=tap-github producer=True run_id=a0f3ed1e-ba6f-4010-915b-82cc7df9da77 stdio=stderr string_id=tap-github
2025-11-26T13:46:07.712657Z [info     ] Skipping deselected stream 'discussion_comment_replies'. cmd_type=elb consumer=False job_name=dev:tap-github-to-target-bigquery name=tap-github producer=True run_id=a0f3ed1e-ba6f-4010-915b-82cc7df9da77 stdio=stderr string_id=tap-github
2025-11-26T13:46:07.712759Z [info     ] Skipping deselected stream 'discussion_comments'. cmd_type=elb consumer=False job_name=dev:tap-github-to-target-bigquery name=tap-github producer=True run_id=a0f3ed1e-ba6f-4010-915b-82cc7df9da77 stdio=stderr string_id=tap-github
2025-11-26T13:46:07.712860Z [info     ] Skipping deselected stream 'discussions'. cmd_type=elb consumer=False job_name=dev:tap-github-to-target-bigquery name=tap-github producer=True run_id=a0f3ed1e-ba6f-4010-915b-82cc7df9da77 stdio=stderr string_id=tap-github
2025-11-26T13:46:07.712960Z [info     ] Skipping deselected stream 'events'. cmd_type=elb consumer=False job_name=dev:tap-github-to-target-bigquery name=tap-github producer=True run_id=a0f3ed1e-ba6f-4010-915b-82cc7df9da77 stdio=stderr string_id=tap-github
2025-11-26T13:46:07.713074Z [info     ] Skipping deselected stream 'extra_metrics'. cmd_type=elb consumer=False job_name=dev:tap-github-to-target-bigquery name=tap-github producer=True run_id=a0f3ed1e-ba6f-4010-915b-82cc7df9da77 stdio=stderr string_id=tap-github
2025-11-26T13:46:07.713168Z [info     ] Skipping deselected stream 'issue_comments'. cmd_type=elb consumer=False job_name=dev:tap-github-to-target-bigquery name=tap-github producer=True run_id=a0f3ed1e-ba6f-4010-915b-82cc7df9da77 stdio=stderr string_id=tap-github
2025-11-26T13:46:07.713291Z [info     ] Skipping deselected stream 'issue_events'. cmd_type=elb consumer=False job_name=dev:tap-github-to-target-bigquery name=tap-github producer=True run_id=a0f3ed1e-ba6f-4010-915b-82cc7df9da77 stdio=stderr string_id=tap-github
2025-11-26T13:46:07.713413Z [info     ] Skipping deselected stream 'issues'. cmd_type=elb consumer=False job_name=dev:tap-github-to-target-bigquery name=tap-github producer=True run_id=a0f3ed1e-ba6f-4010-915b-82cc7df9da77 stdio=stderr string_id=tap-github
2025-11-26T13:46:07.713559Z [info     ] Skipping deselected stream 'labels'. cmd_type=elb consumer=False job_name=dev:tap-github-to-target-bigquery name=tap-github producer=True run_id=a0f3ed1e-ba6f-4010-915b-82cc7df9da77 stdio=stderr string_id=tap-github
2025-11-26T13:46:07.713670Z [info     ] Skipping deselected stream 'languages'. cmd_type=elb consumer=False job_name=dev:tap-github-to-target-bigquery name=tap-github producer=True run_id=a0f3ed1e-ba6f-4010-915b-82cc7df9da77 stdio=stderr string_id=tap-github
2025-11-26T13:46:07.713783Z [info     ] Skipping deselected stream 'milestones'. cmd_type=elb consumer=False job_name=dev:tap-github-to-target-bigquery name=tap-github producer=True run_id=a0f3ed1e-ba6f-4010-915b-82cc7df9da77 stdio=stderr string_id=tap-github
2025-11-26T13:46:07.713883Z [info     ] Skipping deselected stream 'pull_request_commit_diffs'. cmd_type=elb consumer=False job_name=dev:tap-github-to-target-bigquery name=tap-github producer=True run_id=a0f3ed1e-ba6f-4010-915b-82cc7df9da77 stdio=stderr string_id=tap-github
2025-11-26T13:46:07.713981Z [info     ] Skipping deselected stream 'pull_request_commits'. cmd_type=elb consumer=False job_name=dev:tap-github-to-target-bigquery name=tap-github producer=True run_id=a0f3ed1e-ba6f-4010-915b-82cc7df9da77 stdio=stderr string_id=tap-github
2025-11-26T13:46:07.714085Z [info     ] Skipping deselected stream 'pull_request_diffs'. cmd_type=elb consumer=False job_name=dev:tap-github-to-target-bigquery name=tap-github producer=True run_id=a0f3ed1e-ba6f-4010-915b-82cc7df9da77 stdio=stderr string_id=tap-github
2025-11-26T13:46:07.714187Z [info     ] Skipping deselected stream 'pull_requests'. cmd_type=elb consumer=False job_name=dev:tap-github-to-target-bigquery name=tap-github producer=True run_id=a0f3ed1e-ba6f-4010-915b-82cc7df9da77 stdio=stderr string_id=tap-github
2025-11-26T13:46:07.714279Z [info     ] Skipping deselected stream 'readme'. cmd_type=elb consumer=False job_name=dev:tap-github-to-target-bigquery name=tap-github producer=True run_id=a0f3ed1e-ba6f-4010-915b-82cc7df9da77 stdio=stderr string_id=tap-github
2025-11-26T13:46:07.714371Z [info     ] Skipping deselected stream 'readme_html'. cmd_type=elb consumer=False job_name=dev:tap-github-to-target-bigquery name=tap-github producer=True run_id=a0f3ed1e-ba6f-4010-915b-82cc7df9da77 stdio=stderr string_id=tap-github
2025-11-26T13:46:07.714461Z [info     ] Beginning sync of 'repositories' in full_table mode cmd_type=elb consumer=False job_name=dev:tap-github-to-target-bigquery name=tap-github producer=True run_id=a0f3ed1e-ba6f-4010-915b-82cc7df9da77 stdio=stderr string_id=tap-github
2025-11-26T13:46:07.714553Z [info     ] Filtering repository list of 1 repositories cmd_type=elb consumer=False job_name=dev:tap-github-to-target-bigquery name=tap-github producer=True run_id=a0f3ed1e-ba6f-4010-915b-82cc7df9da77 stdio=stderr string_id=tap-github
2025-11-26T13:46:07.714645Z [info     ] /home/engpookw/5m-data-2.6-data-pipelines-orchestration/meltano-ingestion/.meltano/extractors/tap-github/venv/lib/python3.10/site-packages/singer_sdk/streams/rest.py:463: DeprecationWarning: `RESTStream.get_next_page_token` is deprecated and will not be used in a future version of the Meltano Singer SDK. Override `RESTStream.get_new_paginator` instead. cmd_type=elb consumer=False job_name=dev:tap-github-to-target-bigquery name=tap-github producer=True run_id=a0f3ed1e-ba6f-4010-915b-82cc7df9da77 stdio=stderr string_id=tap-github
2025-11-26T13:46:07.714750Z [info     ]   paginator = self.get_new_paginator() or SinglePagePaginator() cmd_type=elb consumer=False job_name=dev:tap-github-to-target-bigquery name=tap-github producer=True run_id=a0f3ed1e-ba6f-4010-915b-82cc7df9da77 stdio=stderr string_id=tap-github
2025-11-26T13:46:07.714848Z [info     ]                                cmd_type=elb consumer=False job_name=dev:tap-github-to-target-bigquery name=tap-github producer=True run_id=a0f3ed1e-ba6f-4010-915b-82cc7df9da77 stdio=stderr string_id=tap-github
2025-11-26T13:46:07.956797Z [info     ] /home/engpookw/5m-data-2.6-data-pipelines-orchestration/meltano-ingestion/.meltano/loaders/target-bigquery/venv/lib/python3.10/site-packages/google/api_core/_python_version_support.py:266: FutureWarning: You are using a Python version (3.10.18) which Google will stop supporting in new releases of google.api_core once it reaches its end of life (2026-10-04). Please upgrade to the latest Python version, or at least Python 3.11, to continue receiving updates for google.api_core past that date. cmd_type=elb consumer=True job_name=dev:tap-github-to-target-bigquery name=target-bigquery producer=False run_id=a0f3ed1e-ba6f-4010-915b-82cc7df9da77 stdio=stderr string_id=target-bigquery
2025-11-26T13:46:07.957110Z [info     ]   warnings.warn(message, FutureWarning) cmd_type=elb consumer=True job_name=dev:tap-github-to-target-bigquery name=target-bigquery producer=False run_id=a0f3ed1e-ba6f-4010-915b-82cc7df9da77 stdio=stderr string_id=target-bigquery
2025-11-26T13:46:08.069790Z [info     ] Tap will run with 1 personal auth tokens and 0 app keys. cmd_type=elb consumer=False job_name=dev:tap-github-to-target-bigquery name=tap-github producer=True run_id=a0f3ed1e-ba6f-4010-915b-82cc7df9da77 stdio=stderr string_id=tap-github
2025-11-26T13:46:07.379654Z [info     ] Using thread-based parallelism cmd_type=elb consumer=True job_name=dev:tap-github-to-target-bigquery name=target-bigquery producer=False run_id=a0f3ed1e-ba6f-4010-915b-82cc7df9da77 stdio=stderr string_id=target-bigquery
2025-11-26T13:46:07.379960Z [info     ] Target 'target-bigquery' is listening for input from tap. cmd_type=elb consumer=True job_name=dev:tap-github-to-target-bigquery name=target-bigquery producer=False run_id=a0f3ed1e-ba6f-4010-915b-82cc7df9da77 stdio=stderr string_id=target-bigquery
2025-11-26T13:46:07.601117Z [info     ] METRIC: {"type":"timer","metric":"http_request_duration","value":-0.469511,"tags":{"stream":"tempStream","endpoint":"","http_status_code":200,"status":"succeeded"}} cmd_type=elb consumer=False job_name=dev:tap-github-to-target-bigquery name=tap-github producer=True run_id=a0f3ed1e-ba6f-4010-915b-82cc7df9da77 stdio=stderr string_id=tap-github
2025-11-26T13:46:07.631387Z [info     ] METRIC: {"type":"counter","metric":"http_request_count","value":1,"tags":{"stream":"tempStream","endpoint":"","pid":46005,"context":{}}} cmd_type=elb consumer=False job_name=dev:tap-github-to-target-bigquery name=tap-github producer=True run_id=a0f3ed1e-ba6f-4010-915b-82cc7df9da77 stdio=stderr string_id=tap-github
2025-11-26T13:46:07.631668Z [info     ] Running the tap on 1 repositories cmd_type=elb consumer=False job_name=dev:tap-github-to-target-bigquery name=tap-github producer=True run_id=a0f3ed1e-ba6f-4010-915b-82cc7df9da77 stdio=stderr string_id=tap-github
2025-11-26T13:46:07.632187Z [info     ] Running the tap on 1 repositories cmd_type=elb consumer=False job_name=dev:tap-github-to-target-bigquery name=tap-github producer=True run_id=a0f3ed1e-ba6f-4010-915b-82cc7df9da77 stdio=stderr string_id=tap-github
2025-11-26T13:46:08.429564Z [info     ] Tap will run with 1 personal auth tokens and 0 app keys. cmd_type=elb consumer=False job_name=dev:tap-github-to-target-bigquery name=tap-github producer=True run_id=a0f3ed1e-ba6f-4010-915b-82cc7df9da77 stdio=stderr string_id=tap-github
2025-11-26T13:46:08.985264Z [info     ] METRIC: {"type":"timer","metric":"http_request_duration","value":0.555192,"tags":{"stream":"repositories","endpoint":"/repos/{org}/{repo}","http_status_code":200,"status":"succeeded","context":{"org":"pandas-dev","repo":"pandas","repo_id":858127}}} cmd_type=elb consumer=False job_name=dev:tap-github-to-target-bigquery name=tap-github producer=True run_id=a0f3ed1e-ba6f-4010-915b-82cc7df9da77 stdio=stderr string_id=tap-github
2025-11-26T13:46:09.002162Z [info     ] Beginning sync of 'releases' in incremental mode with context: {'org': 'pandas-dev', 'repo': 'pandas', 'repo_id': 858127, 'has_discussions': False} cmd_type=elb consumer=False job_name=dev:tap-github-to-target-bigquery name=tap-github producer=True run_id=a0f3ed1e-ba6f-4010-915b-82cc7df9da77 stdio=stderr string_id=tap-github
2025-11-26T13:46:09.002751Z [info     ] Starting incremental sync with bookmark value: None cmd_type=elb consumer=False job_name=dev:tap-github-to-target-bigquery name=tap-github producer=True run_id=a0f3ed1e-ba6f-4010-915b-82cc7df9da77 stdio=stderr string_id=tap-github
2025-11-26T13:46:09.003132Z [info     ] Initializing 'target-bigquery' target sink... cmd_type=elb consumer=True job_name=dev:tap-github-to-target-bigquery name=target-bigquery producer=False run_id=a0f3ed1e-ba6f-4010-915b-82cc7df9da77 stdio=stderr string_id=target-bigquery
2025-11-26T13:46:09.003298Z [info     ] Initializing target sink for stream 'releases'... cmd_type=elb consumer=True job_name=dev:tap-github-to-target-bigquery name=target-bigquery producer=False run_id=a0f3ed1e-ba6f-4010-915b-82cc7df9da77 stdio=stderr string_id=target-bigquery
2025-11-26T13:46:09.310470Z [info     ] Tap will run with 1 personal auth tokens and 0 app keys. cmd_type=elb consumer=False job_name=dev:tap-github-to-target-bigquery name=tap-github producer=True run_id=a0f3ed1e-ba6f-4010-915b-82cc7df9da77 stdio=stderr string_id=tap-github
2025-11-26T13:46:10.810335Z [info     ] METRIC: {"type":"timer","metric":"http_request_duration","value":0.727984,"tags":{"stream":"releases","endpoint":"/repos/{org}/{repo}/releases","http_status_code":200,"status":"succeeded","context":{"org":"pandas-dev","repo":"pandas","repo_id":858127,"has_discussions":false}}} cmd_type=elb consumer=False job_name=dev:tap-github-to-target-bigquery name=tap-github producer=True run_id=a0f3ed1e-ba6f-4010-915b-82cc7df9da77 stdio=stderr string_id=tap-github
2025-11-26T13:46:10.812563Z [info     ] Properties ('immutable', 'updated_at', 'reactions') were present in the 'releases' stream but not found in catalog schema. Ignoring. cmd_type=elb consumer=False job_name=dev:tap-github-to-target-bigquery name=tap-github producer=True run_id=a0f3ed1e-ba6f-4010-915b-82cc7df9da77 stdio=stderr string_id=tap-github
2025-11-26T13:46:10.813035Z [info     ] Stream is assumed to be unsorted, progress is not resumable if interrupted cmd_type=elb consumer=False job_name=dev:tap-github-to-target-bigquery name=tap-github producer=True run_id=a0f3ed1e-ba6f-4010-915b-82cc7df9da77 stdio=stderr string_id=tap-github
2025-11-26T13:46:10.814289Z [info     ] Properties ('immutable', 'updated_at') were present in the 'releases' stream but not found in catalog schema. Ignoring. cmd_type=elb consumer=False job_name=dev:tap-github-to-target-bigquery name=tap-github producer=True run_id=a0f3ed1e-ba6f-4010-915b-82cc7df9da77 stdio=stderr string_id=tap-github
2025-11-26T13:46:11.610834Z [info     ] METRIC: {"type":"timer","metric":"http_request_duration","value":0.546978,"tags":{"stream":"releases","endpoint":"/repos/{org}/{repo}/releases","http_status_code":200,"status":"succeeded","context":{"org":"pandas-dev","repo":"pandas","repo_id":858127,"has_discussions":false}}} cmd_type=elb consumer=False job_name=dev:tap-github-to-target-bigquery name=tap-github producer=True run_id=a0f3ed1e-ba6f-4010-915b-82cc7df9da77 stdio=stderr string_id=tap-github
2025-11-26T13:46:11.616114Z [info     ] METRIC: {"type":"counter","metric":"http_request_count","value":2,"tags":{"stream":"releases","endpoint":"/repos/{org}/{repo}/releases","pid":46005,"context":{"org":"pandas-dev","repo":"pandas","repo_id":858127,"has_discussions":false}}} cmd_type=elb consumer=False job_name=dev:tap-github-to-target-bigquery name=tap-github producer=True run_id=a0f3ed1e-ba6f-4010-915b-82cc7df9da77 stdio=stderr string_id=tap-github
2025-11-26T13:46:11.616770Z [info     ] METRIC: {"type":"timer","metric":"sync_duration","value":2.613982915878296,"tags":{"stream":"releases","pid":46005,"context":{"org":"pandas-dev","repo":"pandas","repo_id":858127,"has_discussions":false},"status":"succeeded"}} cmd_type=elb consumer=False job_name=dev:tap-github-to-target-bigquery name=tap-github producer=True run_id=a0f3ed1e-ba6f-4010-915b-82cc7df9da77 stdio=stderr string_id=tap-github
2025-11-26T13:46:11.617305Z [info     ] METRIC: {"type":"counter","metric":"record_count","value":113,"tags":{"stream":"releases","pid":46005,"context":{"org":"pandas-dev","repo":"pandas","repo_id":858127,"has_discussions":false}}} cmd_type=elb consumer=False job_name=dev:tap-github-to-target-bigquery name=tap-github producer=True run_id=a0f3ed1e-ba6f-4010-915b-82cc7df9da77 stdio=stderr string_id=tap-github
2025-11-26T13:46:11.617632Z [info     ] METRIC: {"type":"counter","metric":"http_request_count","value":1,"tags":{"stream":"repositories","endpoint":"/repos/{org}/{repo}","pid":46005,"context":{"org":"pandas-dev","repo":"pandas","repo_id":858127}}} cmd_type=elb consumer=False job_name=dev:tap-github-to-target-bigquery name=tap-github producer=True run_id=a0f3ed1e-ba6f-4010-915b-82cc7df9da77 stdio=stderr string_id=tap-github
2025-11-26T13:46:11.618104Z [info     ] METRIC: {"type":"timer","metric":"sync_duration","value":3.9846529960632324,"tags":{"stream":"repositories","pid":46005,"context":{"org":"pandas-dev","repo":"pandas","repo_id":858127},"status":"succeeded"}} cmd_type=elb consumer=False job_name=dev:tap-github-to-target-bigquery name=tap-github producer=True run_id=a0f3ed1e-ba6f-4010-915b-82cc7df9da77 stdio=stderr string_id=tap-github
2025-11-26T13:46:11.618402Z [info     ] METRIC: {"type":"counter","metric":"record_count","value":0,"tags":{"stream":"repositories","pid":46005,"context":{"org":"pandas-dev","repo":"pandas","repo_id":858127}}} cmd_type=elb consumer=False job_name=dev:tap-github-to-target-bigquery name=tap-github producer=True run_id=a0f3ed1e-ba6f-4010-915b-82cc7df9da77 stdio=stderr string_id=tap-github
2025-11-26T13:46:11.618959Z [info     ] Skipping deselected stream 'review_comment_reactions'. cmd_type=elb consumer=False job_name=dev:tap-github-to-target-bigquery name=tap-github producer=True run_id=a0f3ed1e-ba6f-4010-915b-82cc7df9da77 stdio=stderr string_id=tap-github
2025-11-26T13:46:11.619501Z [info     ] Skipping deselected stream 'review_comments'. cmd_type=elb consumer=False job_name=dev:tap-github-to-target-bigquery name=tap-github producer=True run_id=a0f3ed1e-ba6f-4010-915b-82cc7df9da77 stdio=stderr string_id=tap-github
2025-11-26T13:46:11.619771Z [info     ] Skipping deselected stream 'reviews'. cmd_type=elb consumer=False job_name=dev:tap-github-to-target-bigquery name=tap-github producer=True run_id=a0f3ed1e-ba6f-4010-915b-82cc7df9da77 stdio=stderr string_id=tap-github
2025-11-26T13:46:11.620125Z [info     ] Skipping deselected stream 'stargazers'. cmd_type=elb consumer=False job_name=dev:tap-github-to-target-bigquery name=tap-github producer=True run_id=a0f3ed1e-ba6f-4010-915b-82cc7df9da77 stdio=stderr string_id=tap-github
2025-11-26T13:46:11.620414Z [info     ] Skipping deselected stream 'stargazers_rest'. cmd_type=elb consumer=False job_name=dev:tap-github-to-target-bigquery name=tap-github producer=True run_id=a0f3ed1e-ba6f-4010-915b-82cc7df9da77 stdio=stderr string_id=tap-github
2025-11-26T13:46:11.620633Z [info     ] Skipping deselected stream 'stats_contributors'. cmd_type=elb consumer=False job_name=dev:tap-github-to-target-bigquery name=tap-github producer=True run_id=a0f3ed1e-ba6f-4010-915b-82cc7df9da77 stdio=stderr string_id=tap-github
2025-11-26T13:46:11.620912Z [info     ] Skipping deselected stream 'tags'. cmd_type=elb consumer=False job_name=dev:tap-github-to-target-bigquery name=tap-github producer=True run_id=a0f3ed1e-ba6f-4010-915b-82cc7df9da77 stdio=stderr string_id=tap-github
2025-11-26T13:46:11.621214Z [info     ] Skipping deselected stream 'traffic_clones'. cmd_type=elb consumer=False job_name=dev:tap-github-to-target-bigquery name=tap-github producer=True run_id=a0f3ed1e-ba6f-4010-915b-82cc7df9da77 stdio=stderr string_id=tap-github
2025-11-26T13:46:11.621505Z [info     ] Skipping deselected stream 'traffic_pageviews'. cmd_type=elb consumer=False job_name=dev:tap-github-to-target-bigquery name=tap-github producer=True run_id=a0f3ed1e-ba6f-4010-915b-82cc7df9da77 stdio=stderr string_id=tap-github
2025-11-26T13:46:11.621784Z [info     ] Skipping deselected stream 'traffic_referral_paths'. cmd_type=elb consumer=False job_name=dev:tap-github-to-target-bigquery name=tap-github producer=True run_id=a0f3ed1e-ba6f-4010-915b-82cc7df9da77 stdio=stderr string_id=tap-github
2025-11-26T13:46:11.622101Z [info     ] Skipping deselected stream 'traffic_referrers'. cmd_type=elb consumer=False job_name=dev:tap-github-to-target-bigquery name=tap-github producer=True run_id=a0f3ed1e-ba6f-4010-915b-82cc7df9da77 stdio=stderr string_id=tap-github
2025-11-26T13:46:11.622384Z [info     ] Skipping deselected stream 'workflow_run_jobs'. cmd_type=elb consumer=False job_name=dev:tap-github-to-target-bigquery name=tap-github producer=True run_id=a0f3ed1e-ba6f-4010-915b-82cc7df9da77 stdio=stderr string_id=tap-github
2025-11-26T13:46:11.622656Z [info     ] Skipping deselected stream 'workflow_runs'. cmd_type=elb consumer=False job_name=dev:tap-github-to-target-bigquery name=tap-github producer=True run_id=a0f3ed1e-ba6f-4010-915b-82cc7df9da77 stdio=stderr string_id=tap-github
2025-11-26T13:46:11.622865Z [info     ] Skipping deselected stream 'workflows'. cmd_type=elb consumer=False job_name=dev:tap-github-to-target-bigquery name=tap-github producer=True run_id=a0f3ed1e-ba6f-4010-915b-82cc7df9da77 stdio=stderr string_id=tap-github
2025-11-26T13:46:11.623182Z [info     ] Total Sync costs for stream releases: {'rest': 2, 'graphql': 0, 'search': 0} cmd_type=elb consumer=False job_name=dev:tap-github-to-target-bigquery name=tap-github producer=True run_id=a0f3ed1e-ba6f-4010-915b-82cc7df9da77 stdio=stderr string_id=tap-github
2025-11-26T13:46:11.623453Z [info     ] Total Sync costs for stream repositories: {'rest': 1, 'graphql': 0, 'search': 0} cmd_type=elb consumer=False job_name=dev:tap-github-to-target-bigquery name=tap-github producer=True run_id=a0f3ed1e-ba6f-4010-915b-82cc7df9da77 stdio=stderr string_id=tap-github
2025-11-26T13:46:16.208660Z [info     ] Setting up releases            cmd_type=elb consumer=True job_name=dev:tap-github-to-target-bigquery name=target-bigquery producer=False run_id=a0f3ed1e-ba6f-4010-915b-82cc7df9da77 stdio=stderr string_id=target-bigquery
2025-11-26T13:46:16.211122Z [info     ] Target 'target-bigquery' completed reading 116 lines of input (113 records, (0 batch manifests, 2 state messages). cmd_type=elb consumer=True job_name=dev:tap-github-to-target-bigquery name=target-bigquery producer=False run_id=a0f3ed1e-ba6f-4010-915b-82cc7df9da77 stdio=stderr string_id=target-bigquery
2025-11-26T13:46:16.211829Z [info     ] Adding worker da76da47e1e14f95a4cac50cd941a2d1 cmd_type=elb consumer=True job_name=dev:tap-github-to-target-bigquery name=target-bigquery producer=False run_id=a0f3ed1e-ba6f-4010-915b-82cc7df9da77 stdio=stderr string_id=target-bigquery
2025-11-26T13:46:21.253293Z [info     ] Cleaning up releases           cmd_type=elb consumer=True job_name=dev:tap-github-to-target-bigquery name=target-bigquery producer=False run_id=a0f3ed1e-ba6f-4010-915b-82cc7df9da77 stdio=stderr string_id=target-bigquery
2025-11-26T13:46:21.253627Z [info     ] Emitting completed target state {"bookmarks": {"tempStream": {}, "repositories": {"partitions": [{"context": {"org": "pandas-dev", "repo": "pandas", "repo_id": 858127}}]}, "releases": {"partitions": [{"context": {"org": "pandas-dev", "repo": "pandas"}, "replication_key": "created_at", "replication_key_value": "2025-09-29T22:12:37Z"}]}}} cmd_type=elb consumer=True job_name=dev:tap-github-to-target-bigquery name=target-bigquery producer=False run_id=a0f3ed1e-ba6f-4010-915b-82cc7df9da77 stdio=stderr string_id=target-bigquery
2025-11-26T13:46:21.266223Z [info     ] Using systemdb state backend
2025-11-26T13:46:21.277993Z [info     ] Incremental state has been updated at 2025-11-26 13:46:21.277959+00:00.
2025-11-26T13:46:21.402647Z [info     ] Block run completed.           block_type=ExtractLoadBlocks err=None set_number=0 success=True
